j:\jacky\aau\2016 spring\classes\gap 275\fireware\fireware_jackyhua zhong\fireware\x64\debug\vc140.pdb
j:\jacky\aau\2016 spring\classes\gap 275\fireware\fireware_jackyhua zhong\fireware\x64\debug\vc140.idb
j:\jacky\aau\2016 spring\classes\gap 275\fireware\fireware_jackyhua zhong\fireware\x64\debug\virusbigexplosion.obj
j:\jacky\aau\2016 spring\classes\gap 275\fireware\fireware_jackyhua zhong\fireware\x64\debug\virusbigexplosioncontrol.obj
j:\jacky\aau\2016 spring\classes\gap 275\fireware\fireware_jackyhua zhong\fireware\x64\debug\virusbighighlight.obj
j:\jacky\aau\2016 spring\classes\gap 275\fireware\fireware_jackyhua zhong\fireware\x64\debug\virusbighighlightcontrol.obj
j:\jacky\aau\2016 spring\classes\gap 275\fireware\fireware_jackyhua zhong\fireware\x64\debug\virusbigsidelight.obj
j:\jacky\aau\2016 spring\classes\gap 275\fireware\fireware_jackyhua zhong\fireware\x64\debug\virusbigsidelightcontrol.obj
j:\jacky\aau\2016 spring\classes\gap 275\fireware\fireware_jackyhua zhong\fireware\x64\debug\virusmanager.obj
j:\jacky\aau\2016 spring\classes\gap 275\fireware\fireware_jackyhua zhong\fireware\x64\debug\virusmanagercontrol.obj
j:\jacky\aau\2016 spring\classes\gap 275\fireware\fireware_jackyhua zhong\fireware\x64\debug\virusmiddle.obj
j:\jacky\aau\2016 spring\classes\gap 275\fireware\fireware_jackyhua zhong\fireware\x64\debug\virusmiddlecontrol.obj
j:\jacky\aau\2016 spring\classes\gap 275\fireware\fireware_jackyhua zhong\fireware\x64\debug\virusmiddleexplosion.obj
j:\jacky\aau\2016 spring\classes\gap 275\fireware\fireware_jackyhua zhong\fireware\x64\debug\virusmiddlehighlight.obj
j:\jacky\aau\2016 spring\classes\gap 275\fireware\fireware_jackyhua zhong\fireware\x64\debug\virusmiddlehighlightcontrol.obj
j:\jacky\aau\2016 spring\classes\gap 275\fireware\fireware_jackyhua zhong\fireware\x64\debug\virusmiddlelexplosioncontrol.obj
j:\jacky\aau\2016 spring\classes\gap 275\fireware\fireware_jackyhua zhong\fireware\x64\debug\virussmall.obj
j:\jacky\aau\2016 spring\classes\gap 275\fireware\fireware_jackyhua zhong\fireware\x64\debug\virussmallcontrol.obj
j:\jacky\aau\2016 spring\classes\gap 275\fireware\fireware_jackyhua zhong\fireware\x64\debug\virussmalllight.obj
j:\jacky\aau\2016 spring\classes\gap 275\fireware\fireware_jackyhua zhong\fireware\x64\debug\virussmallexplosion.obj
j:\jacky\aau\2016 spring\classes\gap 275\fireware\fireware_jackyhua zhong\fireware\x64\debug\virussmallexplosioncontrol.obj
j:\jacky\aau\2016 spring\classes\gap 275\fireware\fireware_jackyhua zhong\fireware\x64\debug\windowcreater.obj
j:\jacky\aau\2016 spring\classes\gap 275\fireware\fireware_jackyhua zhong\fireware\x64\debug\scene.obj
j:\jacky\aau\2016 spring\classes\gap 275\fireware\fireware_jackyhua zhong\fireware\x64\debug\scenemanger.obj
j:\jacky\aau\2016 spring\classes\gap 275\fireware\fireware_jackyhua zhong\fireware\x64\debug\sourcemanager.obj
j:\jacky\aau\2016 spring\classes\gap 275\fireware\fireware_jackyhua zhong\fireware\x64\debug\spherecollider.obj
j:\jacky\aau\2016 spring\classes\gap 275\fireware\fireware_jackyhua zhong\fireware\x64\debug\sprite.obj
j:\jacky\aau\2016 spring\classes\gap 275\fireware\fireware_jackyhua zhong\fireware\x64\debug\spriterederer.obj
j:\jacky\aau\2016 spring\classes\gap 275\fireware\fireware_jackyhua zhong\fireware\x64\debug\startmenubackground.obj
j:\jacky\aau\2016 spring\classes\gap 275\fireware\fireware_jackyhua zhong\fireware\x64\debug\startmenubackgroundcontrol.obj
j:\jacky\aau\2016 spring\classes\gap 275\fireware\fireware_jackyhua zhong\fireware\x64\debug\textmesh.obj
j:\jacky\aau\2016 spring\classes\gap 275\fireware\fireware_jackyhua zhong\fireware\x64\debug\time.obj
j:\jacky\aau\2016 spring\classes\gap 275\fireware\fireware_jackyhua zhong\fireware\x64\debug\transform.obj
j:\jacky\aau\2016 spring\classes\gap 275\fireware\fireware_jackyhua zhong\fireware\x64\debug\ui.obj
j:\jacky\aau\2016 spring\classes\gap 275\fireware\fireware_jackyhua zhong\fireware\x64\debug\uicontrol.obj
j:\jacky\aau\2016 spring\classes\gap 275\fireware\fireware_jackyhua zhong\fireware\x64\debug\vector2.obj
j:\jacky\aau\2016 spring\classes\gap 275\fireware\fireware_jackyhua zhong\fireware\x64\debug\virusbas.obj
j:\jacky\aau\2016 spring\classes\gap 275\fireware\fireware_jackyhua zhong\fireware\x64\debug\virusbascontrol.obj
j:\jacky\aau\2016 spring\classes\gap 275\fireware\fireware_jackyhua zhong\fireware\x64\debug\virusbig.obj
j:\jacky\aau\2016 spring\classes\gap 275\fireware\fireware_jackyhua zhong\fireware\x64\debug\virusbigbody.obj
j:\jacky\aau\2016 spring\classes\gap 275\fireware\fireware_jackyhua zhong\fireware\x64\debug\virusbigbodycontrol.obj
j:\jacky\aau\2016 spring\classes\gap 275\fireware\fireware_jackyhua zhong\fireware\x64\debug\virusbigcontrol.obj
j:\jacky\aau\2016 spring\classes\gap 275\fireware\fireware_jackyhua zhong\fireware\x64\debug\game.obj
j:\jacky\aau\2016 spring\classes\gap 275\fireware\fireware_jackyhua zhong\fireware\x64\debug\gamebehavior.obj
j:\jacky\aau\2016 spring\classes\gap 275\fireware\fireware_jackyhua zhong\fireware\x64\debug\gamemanager.obj
j:\jacky\aau\2016 spring\classes\gap 275\fireware\fireware_jackyhua zhong\fireware\x64\debug\gamemanagercontrol.obj
j:\jacky\aau\2016 spring\classes\gap 275\fireware\fireware_jackyhua zhong\fireware\x64\debug\gameobject.obj
j:\jacky\aau\2016 spring\classes\gap 275\fireware\fireware_jackyhua zhong\fireware\x64\debug\gameplayingscene.obj
j:\jacky\aau\2016 spring\classes\gap 275\fireware\fireware_jackyhua zhong\fireware\x64\debug\gameresult.obj
j:\jacky\aau\2016 spring\classes\gap 275\fireware\fireware_jackyhua zhong\fireware\x64\debug\gameresultbackground.obj
j:\jacky\aau\2016 spring\classes\gap 275\fireware\fireware_jackyhua zhong\fireware\x64\debug\gameresultcontrol.obj
j:\jacky\aau\2016 spring\classes\gap 275\fireware\fireware_jackyhua zhong\fireware\x64\debug\gifts.obj
j:\jacky\aau\2016 spring\classes\gap 275\fireware\fireware_jackyhua zhong\fireware\x64\debug\giftscontrol.obj
j:\jacky\aau\2016 spring\classes\gap 275\fireware\fireware_jackyhua zhong\fireware\x64\debug\input.obj
j:\jacky\aau\2016 spring\classes\gap 275\fireware\fireware_jackyhua zhong\fireware\x64\debug\leukocyte.obj
j:\jacky\aau\2016 spring\classes\gap 275\fireware\fireware_jackyhua zhong\fireware\x64\debug\leukocytelight.obj
j:\jacky\aau\2016 spring\classes\gap 275\fireware\fireware_jackyhua zhong\fireware\x64\debug\leukocytelightcontrol.obj
j:\jacky\aau\2016 spring\classes\gap 275\fireware\fireware_jackyhua zhong\fireware\x64\debug\leukocytemovecontrol.obj
j:\jacky\aau\2016 spring\classes\gap 275\fireware\fireware_jackyhua zhong\fireware\x64\debug\leukocyteshooting.obj
j:\jacky\aau\2016 spring\classes\gap 275\fireware\fireware_jackyhua zhong\fireware\x64\debug\main.obj
j:\jacky\aau\2016 spring\classes\gap 275\fireware\fireware_jackyhua zhong\fireware\x64\debug\pointcollider.obj
j:\jacky\aau\2016 spring\classes\gap 275\fireware\fireware_jackyhua zhong\fireware\x64\debug\radom.obj
j:\jacky\aau\2016 spring\classes\gap 275\fireware\fireware_jackyhua zhong\fireware\x64\debug\audioeffect.obj
j:\jacky\aau\2016 spring\classes\gap 275\fireware\fireware_jackyhua zhong\fireware\x64\debug\audiosource.obj
j:\jacky\aau\2016 spring\classes\gap 275\fireware\fireware_jackyhua zhong\fireware\x64\debug\background.obj
j:\jacky\aau\2016 spring\classes\gap 275\fireware\fireware_jackyhua zhong\fireware\x64\debug\backgroundmovement.obj
j:\jacky\aau\2016 spring\classes\gap 275\fireware\fireware_jackyhua zhong\fireware\x64\debug\boxcollider.obj
j:\jacky\aau\2016 spring\classes\gap 275\fireware\fireware_jackyhua zhong\fireware\x64\debug\bullet.obj
j:\jacky\aau\2016 spring\classes\gap 275\fireware\fireware_jackyhua zhong\fireware\x64\debug\bulletcontrol.obj
j:\jacky\aau\2016 spring\classes\gap 275\fireware\fireware_jackyhua zhong\fireware\x64\debug\cannonball.obj
j:\jacky\aau\2016 spring\classes\gap 275\fireware\fireware_jackyhua zhong\fireware\x64\debug\cannonballcontrol.obj
j:\jacky\aau\2016 spring\classes\gap 275\fireware\fireware_jackyhua zhong\fireware\x64\debug\cannonballgift.obj
j:\jacky\aau\2016 spring\classes\gap 275\fireware\fireware_jackyhua zhong\fireware\x64\debug\cannonballgiftcontrol.obj
j:\jacky\aau\2016 spring\classes\gap 275\fireware\fireware_jackyhua zhong\fireware\x64\debug\cannonballgiftinside.obj
j:\jacky\aau\2016 spring\classes\gap 275\fireware\fireware_jackyhua zhong\fireware\x64\debug\cannonballnumtext.obj
j:\jacky\aau\2016 spring\classes\gap 275\fireware\fireware_jackyhua zhong\fireware\x64\debug\cannonui.obj
j:\jacky\aau\2016 spring\classes\gap 275\fireware\fireware_jackyhua zhong\fireware\x64\debug\checkcollider.obj
j:\jacky\aau\2016 spring\classes\gap 275\fireware\fireware_jackyhua zhong\fireware\x64\debug\collider.obj
j:\jacky\aau\2016 spring\classes\gap 275\fireware\fireware_jackyhua zhong\fireware\x64\debug\componentbehavior.obj
j:\jacky\aau\2016 spring\classes\gap 275\fireware\fireware\fireware\x64\debug\vc140.pdb
j:\jacky\aau\2016 spring\classes\gap 275\fireware\fireware\fireware\x64\debug\vc140.idb
j:\jacky\aau\2016 spring\classes\gap 275\fireware\fireware\fireware\x64\debug\virusbigexplosion.obj
j:\jacky\aau\2016 spring\classes\gap 275\fireware\fireware\fireware\x64\debug\virusbigexplosioncontrol.obj
j:\jacky\aau\2016 spring\classes\gap 275\fireware\fireware\fireware\x64\debug\virusbighighlight.obj
j:\jacky\aau\2016 spring\classes\gap 275\fireware\fireware\fireware\x64\debug\virusbighighlightcontrol.obj
j:\jacky\aau\2016 spring\classes\gap 275\fireware\fireware\fireware\x64\debug\virusbigsidelight.obj
j:\jacky\aau\2016 spring\classes\gap 275\fireware\fireware\fireware\x64\debug\virusbigsidelightcontrol.obj
j:\jacky\aau\2016 spring\classes\gap 275\fireware\fireware\fireware\x64\debug\virusmanager.obj
j:\jacky\aau\2016 spring\classes\gap 275\fireware\fireware\fireware\x64\debug\virusmanagercontrol.obj
j:\jacky\aau\2016 spring\classes\gap 275\fireware\fireware\fireware\x64\debug\virusmiddle.obj
j:\jacky\aau\2016 spring\classes\gap 275\fireware\fireware\fireware\x64\debug\virusmiddlecontrol.obj
j:\jacky\aau\2016 spring\classes\gap 275\fireware\fireware\fireware\x64\debug\virusmiddleexplosion.obj
j:\jacky\aau\2016 spring\classes\gap 275\fireware\fireware\fireware\x64\debug\virusmiddlehighlight.obj
j:\jacky\aau\2016 spring\classes\gap 275\fireware\fireware\fireware\x64\debug\virusmiddlehighlightcontrol.obj
j:\jacky\aau\2016 spring\classes\gap 275\fireware\fireware\fireware\x64\debug\virusmiddlelexplosioncontrol.obj
j:\jacky\aau\2016 spring\classes\gap 275\fireware\fireware\fireware\x64\debug\virussmall.obj
j:\jacky\aau\2016 spring\classes\gap 275\fireware\fireware\fireware\x64\debug\virussmallcontrol.obj
j:\jacky\aau\2016 spring\classes\gap 275\fireware\fireware\fireware\x64\debug\virussmalllight.obj
j:\jacky\aau\2016 spring\classes\gap 275\fireware\fireware\fireware\x64\debug\virussmallexplosion.obj
j:\jacky\aau\2016 spring\classes\gap 275\fireware\fireware\fireware\x64\debug\virussmallexplosioncontrol.obj
j:\jacky\aau\2016 spring\classes\gap 275\fireware\fireware\fireware\x64\debug\windowcreater.obj
j:\jacky\aau\2016 spring\classes\gap 275\fireware\fireware\fireware\x64\debug\scene.obj
j:\jacky\aau\2016 spring\classes\gap 275\fireware\fireware\fireware\x64\debug\scenemanger.obj
j:\jacky\aau\2016 spring\classes\gap 275\fireware\fireware\fireware\x64\debug\sourcemanager.obj
j:\jacky\aau\2016 spring\classes\gap 275\fireware\fireware\fireware\x64\debug\spherecollider.obj
j:\jacky\aau\2016 spring\classes\gap 275\fireware\fireware\fireware\x64\debug\sprite.obj
j:\jacky\aau\2016 spring\classes\gap 275\fireware\fireware\fireware\x64\debug\spriterederer.obj
j:\jacky\aau\2016 spring\classes\gap 275\fireware\fireware\fireware\x64\debug\startmenubackground.obj
j:\jacky\aau\2016 spring\classes\gap 275\fireware\fireware\fireware\x64\debug\startmenubackgroundcontrol.obj
j:\jacky\aau\2016 spring\classes\gap 275\fireware\fireware\fireware\x64\debug\textmesh.obj
j:\jacky\aau\2016 spring\classes\gap 275\fireware\fireware\fireware\x64\debug\time.obj
j:\jacky\aau\2016 spring\classes\gap 275\fireware\fireware\fireware\x64\debug\transform.obj
j:\jacky\aau\2016 spring\classes\gap 275\fireware\fireware\fireware\x64\debug\ui.obj
j:\jacky\aau\2016 spring\classes\gap 275\fireware\fireware\fireware\x64\debug\uicontrol.obj
j:\jacky\aau\2016 spring\classes\gap 275\fireware\fireware\fireware\x64\debug\vector2.obj
j:\jacky\aau\2016 spring\classes\gap 275\fireware\fireware\fireware\x64\debug\virusbas.obj
j:\jacky\aau\2016 spring\classes\gap 275\fireware\fireware\fireware\x64\debug\virusbascontrol.obj
j:\jacky\aau\2016 spring\classes\gap 275\fireware\fireware\fireware\x64\debug\virusbig.obj
j:\jacky\aau\2016 spring\classes\gap 275\fireware\fireware\fireware\x64\debug\virusbigbody.obj
j:\jacky\aau\2016 spring\classes\gap 275\fireware\fireware\fireware\x64\debug\virusbigbodycontrol.obj
j:\jacky\aau\2016 spring\classes\gap 275\fireware\fireware\fireware\x64\debug\virusbigcontrol.obj
j:\jacky\aau\2016 spring\classes\gap 275\fireware\fireware\fireware\x64\debug\game.obj
j:\jacky\aau\2016 spring\classes\gap 275\fireware\fireware\fireware\x64\debug\gamebehavior.obj
j:\jacky\aau\2016 spring\classes\gap 275\fireware\fireware\fireware\x64\debug\gamemanager.obj
j:\jacky\aau\2016 spring\classes\gap 275\fireware\fireware\fireware\x64\debug\gamemanagercontrol.obj
j:\jacky\aau\2016 spring\classes\gap 275\fireware\fireware\fireware\x64\debug\gameobject.obj
j:\jacky\aau\2016 spring\classes\gap 275\fireware\fireware\fireware\x64\debug\gameplayingscene.obj
j:\jacky\aau\2016 spring\classes\gap 275\fireware\fireware\fireware\x64\debug\gameresult.obj
j:\jacky\aau\2016 spring\classes\gap 275\fireware\fireware\fireware\x64\debug\gameresultbackground.obj
j:\jacky\aau\2016 spring\classes\gap 275\fireware\fireware\fireware\x64\debug\gameresultcontrol.obj
j:\jacky\aau\2016 spring\classes\gap 275\fireware\fireware\fireware\x64\debug\gifts.obj
j:\jacky\aau\2016 spring\classes\gap 275\fireware\fireware\fireware\x64\debug\giftscontrol.obj
j:\jacky\aau\2016 spring\classes\gap 275\fireware\fireware\fireware\x64\debug\input.obj
j:\jacky\aau\2016 spring\classes\gap 275\fireware\fireware\fireware\x64\debug\leukocyte.obj
j:\jacky\aau\2016 spring\classes\gap 275\fireware\fireware\fireware\x64\debug\leukocytelight.obj
j:\jacky\aau\2016 spring\classes\gap 275\fireware\fireware\fireware\x64\debug\leukocytelightcontrol.obj
j:\jacky\aau\2016 spring\classes\gap 275\fireware\fireware\fireware\x64\debug\leukocytemovecontrol.obj
j:\jacky\aau\2016 spring\classes\gap 275\fireware\fireware\fireware\x64\debug\leukocyteshooting.obj
j:\jacky\aau\2016 spring\classes\gap 275\fireware\fireware\fireware\x64\debug\main.obj
j:\jacky\aau\2016 spring\classes\gap 275\fireware\fireware\fireware\x64\debug\pointcollider.obj
j:\jacky\aau\2016 spring\classes\gap 275\fireware\fireware\fireware\x64\debug\radom.obj
j:\jacky\aau\2016 spring\classes\gap 275\fireware\fireware\fireware\x64\debug\audioeffect.obj
j:\jacky\aau\2016 spring\classes\gap 275\fireware\fireware\fireware\x64\debug\audiosource.obj
j:\jacky\aau\2016 spring\classes\gap 275\fireware\fireware\fireware\x64\debug\background.obj
j:\jacky\aau\2016 spring\classes\gap 275\fireware\fireware\fireware\x64\debug\backgroundmovement.obj
j:\jacky\aau\2016 spring\classes\gap 275\fireware\fireware\fireware\x64\debug\boxcollider.obj
j:\jacky\aau\2016 spring\classes\gap 275\fireware\fireware\fireware\x64\debug\bullet.obj
j:\jacky\aau\2016 spring\classes\gap 275\fireware\fireware\fireware\x64\debug\bulletcontrol.obj
j:\jacky\aau\2016 spring\classes\gap 275\fireware\fireware\fireware\x64\debug\cannonball.obj
j:\jacky\aau\2016 spring\classes\gap 275\fireware\fireware\fireware\x64\debug\cannonballcontrol.obj
j:\jacky\aau\2016 spring\classes\gap 275\fireware\fireware\fireware\x64\debug\cannonballgift.obj
j:\jacky\aau\2016 spring\classes\gap 275\fireware\fireware\fireware\x64\debug\cannonballgiftcontrol.obj
j:\jacky\aau\2016 spring\classes\gap 275\fireware\fireware\fireware\x64\debug\cannonballgiftinside.obj
j:\jacky\aau\2016 spring\classes\gap 275\fireware\fireware\fireware\x64\debug\cannonballnumtext.obj
j:\jacky\aau\2016 spring\classes\gap 275\fireware\fireware\fireware\x64\debug\cannonui.obj
j:\jacky\aau\2016 spring\classes\gap 275\fireware\fireware\fireware\x64\debug\checkcollider.obj
j:\jacky\aau\2016 spring\classes\gap 275\fireware\fireware\fireware\x64\debug\collider.obj
j:\jacky\aau\2016 spring\classes\gap 275\fireware\fireware\fireware\x64\debug\componentbehavior.obj
j:\jacky\aau\2016 spring\classes\gap 275\fireware\fireware\x64\debug\fireware.pdb
j:\jacky\aau\2016 spring\classes\gap 275\fireware\fireware\fireware\x64\debug\fireware.tlog\cl.command.1.tlog
j:\jacky\aau\2016 spring\classes\gap 275\fireware\fireware\fireware\x64\debug\fireware.tlog\cl.read.1.tlog
j:\jacky\aau\2016 spring\classes\gap 275\fireware\fireware\fireware\x64\debug\fireware.tlog\cl.write.1.tlog
j:\jacky\aau\2016 spring\classes\gap 275\fireware\fireware\fireware\x64\debug\fireware.tlog\link-cvtres.read.1.tlog
j:\jacky\aau\2016 spring\classes\gap 275\fireware\fireware\fireware\x64\debug\fireware.tlog\link-cvtres.write.1.tlog
j:\jacky\aau\2016 spring\classes\gap 275\fireware\fireware\fireware\x64\debug\fireware.tlog\link-rc.read.1.tlog
j:\jacky\aau\2016 spring\classes\gap 275\fireware\fireware\fireware\x64\debug\fireware.tlog\link-rc.write.1.tlog
j:\jacky\aau\2016 spring\classes\gap 275\fireware\fireware\fireware\x64\debug\fireware.tlog\link.command.1.tlog
j:\jacky\aau\2016 spring\classes\gap 275\fireware\fireware\fireware\x64\debug\fireware.tlog\link.read.1.tlog
j:\jacky\aau\2016 spring\classes\gap 275\fireware\fireware\fireware\x64\debug\fireware.tlog\link.write.1.tlog
