j:\jacky\aau\2016 spring\classes\gap 275\fireware\fireware_jackyhua zhong\fireware\debug\vc140.pdb
j:\jacky\aau\2016 spring\classes\gap 275\fireware\fireware\fireware\debug\vc140.pdb
j:\jacky\aau\2016 spring\classes\gap 275\fireware\fireware\fireware\debug\vc140.idb
j:\jacky\aau\2016 spring\classes\gap 275\fireware\fireware\fireware\debug\virusbigexplosion.obj
j:\jacky\aau\2016 spring\classes\gap 275\fireware\fireware\fireware\debug\virusbigexplosioncontrol.obj
j:\jacky\aau\2016 spring\classes\gap 275\fireware\fireware\fireware\debug\virusbighighlight.obj
j:\jacky\aau\2016 spring\classes\gap 275\fireware\fireware\fireware\debug\virusbighighlightcontrol.obj
j:\jacky\aau\2016 spring\classes\gap 275\fireware\fireware\fireware\debug\virusbigsidelight.obj
j:\jacky\aau\2016 spring\classes\gap 275\fireware\fireware\fireware\debug\virusbigsidelightcontrol.obj
j:\jacky\aau\2016 spring\classes\gap 275\fireware\fireware\fireware\debug\virusmanager.obj
j:\jacky\aau\2016 spring\classes\gap 275\fireware\fireware\fireware\debug\virusmanagercontrol.obj
j:\jacky\aau\2016 spring\classes\gap 275\fireware\fireware\fireware\debug\virusmiddle.obj
j:\jacky\aau\2016 spring\classes\gap 275\fireware\fireware\fireware\debug\virusmiddlecontrol.obj
j:\jacky\aau\2016 spring\classes\gap 275\fireware\fireware\fireware\debug\virusmiddleexplosion.obj
j:\jacky\aau\2016 spring\classes\gap 275\fireware\fireware\fireware\debug\virusmiddlehighlight.obj
j:\jacky\aau\2016 spring\classes\gap 275\fireware\fireware\fireware\debug\virusmiddlehighlightcontrol.obj
j:\jacky\aau\2016 spring\classes\gap 275\fireware\fireware\fireware\debug\virusmiddlelexplosioncontrol.obj
j:\jacky\aau\2016 spring\classes\gap 275\fireware\fireware\fireware\debug\virussmall.obj
j:\jacky\aau\2016 spring\classes\gap 275\fireware\fireware\fireware\debug\virussmallcontrol.obj
j:\jacky\aau\2016 spring\classes\gap 275\fireware\fireware\fireware\debug\virussmalllight.obj
j:\jacky\aau\2016 spring\classes\gap 275\fireware\fireware\fireware\debug\virussmallexplosion.obj
j:\jacky\aau\2016 spring\classes\gap 275\fireware\fireware\fireware\debug\virussmallexplosioncontrol.obj
j:\jacky\aau\2016 spring\classes\gap 275\fireware\fireware\fireware\debug\windowcreater.obj
j:\jacky\aau\2016 spring\classes\gap 275\fireware\fireware\fireware\debug\scene.obj
j:\jacky\aau\2016 spring\classes\gap 275\fireware\fireware\fireware\debug\scenemanger.obj
j:\jacky\aau\2016 spring\classes\gap 275\fireware\fireware\fireware\debug\sourcemanager.obj
j:\jacky\aau\2016 spring\classes\gap 275\fireware\fireware\fireware\debug\spherecollider.obj
j:\jacky\aau\2016 spring\classes\gap 275\fireware\fireware\fireware\debug\sprite.obj
j:\jacky\aau\2016 spring\classes\gap 275\fireware\fireware\fireware\debug\spriterederer.obj
j:\jacky\aau\2016 spring\classes\gap 275\fireware\fireware\fireware\debug\startmenubackground.obj
j:\jacky\aau\2016 spring\classes\gap 275\fireware\fireware\fireware\debug\startmenubackgroundcontrol.obj
j:\jacky\aau\2016 spring\classes\gap 275\fireware\fireware\fireware\debug\textmesh.obj
j:\jacky\aau\2016 spring\classes\gap 275\fireware\fireware\fireware\debug\time.obj
j:\jacky\aau\2016 spring\classes\gap 275\fireware\fireware\fireware\debug\transform.obj
j:\jacky\aau\2016 spring\classes\gap 275\fireware\fireware\fireware\debug\ui.obj
j:\jacky\aau\2016 spring\classes\gap 275\fireware\fireware\fireware\debug\uicontrol.obj
j:\jacky\aau\2016 spring\classes\gap 275\fireware\fireware\fireware\debug\vector2.obj
j:\jacky\aau\2016 spring\classes\gap 275\fireware\fireware\fireware\debug\virusbas.obj
j:\jacky\aau\2016 spring\classes\gap 275\fireware\fireware\fireware\debug\virusbascontrol.obj
j:\jacky\aau\2016 spring\classes\gap 275\fireware\fireware\fireware\debug\virusbig.obj
j:\jacky\aau\2016 spring\classes\gap 275\fireware\fireware\fireware\debug\virusbigbody.obj
j:\jacky\aau\2016 spring\classes\gap 275\fireware\fireware\fireware\debug\virusbigbodycontrol.obj
j:\jacky\aau\2016 spring\classes\gap 275\fireware\fireware\fireware\debug\virusbigcontrol.obj
j:\jacky\aau\2016 spring\classes\gap 275\fireware\fireware\fireware\debug\game.obj
j:\jacky\aau\2016 spring\classes\gap 275\fireware\fireware\fireware\debug\gamebehavior.obj
j:\jacky\aau\2016 spring\classes\gap 275\fireware\fireware\fireware\debug\gamemanager.obj
j:\jacky\aau\2016 spring\classes\gap 275\fireware\fireware\fireware\debug\gamemanagercontrol.obj
j:\jacky\aau\2016 spring\classes\gap 275\fireware\fireware\fireware\debug\gameobject.obj
j:\jacky\aau\2016 spring\classes\gap 275\fireware\fireware\fireware\debug\gameplayingscene.obj
j:\jacky\aau\2016 spring\classes\gap 275\fireware\fireware\fireware\debug\gameresult.obj
j:\jacky\aau\2016 spring\classes\gap 275\fireware\fireware\fireware\debug\gameresultbackground.obj
j:\jacky\aau\2016 spring\classes\gap 275\fireware\fireware\fireware\debug\gameresultcontrol.obj
j:\jacky\aau\2016 spring\classes\gap 275\fireware\fireware\fireware\debug\gifts.obj
j:\jacky\aau\2016 spring\classes\gap 275\fireware\fireware\fireware\debug\giftscontrol.obj
j:\jacky\aau\2016 spring\classes\gap 275\fireware\fireware\fireware\debug\input.obj
j:\jacky\aau\2016 spring\classes\gap 275\fireware\fireware\fireware\debug\leukocyte.obj
j:\jacky\aau\2016 spring\classes\gap 275\fireware\fireware\fireware\debug\leukocytelight.obj
j:\jacky\aau\2016 spring\classes\gap 275\fireware\fireware\fireware\debug\leukocytelightcontrol.obj
j:\jacky\aau\2016 spring\classes\gap 275\fireware\fireware\fireware\debug\leukocytemovecontrol.obj
j:\jacky\aau\2016 spring\classes\gap 275\fireware\fireware\fireware\debug\leukocyteshooting.obj
j:\jacky\aau\2016 spring\classes\gap 275\fireware\fireware\fireware\debug\main.obj
j:\jacky\aau\2016 spring\classes\gap 275\fireware\fireware\fireware\debug\pointcollider.obj
j:\jacky\aau\2016 spring\classes\gap 275\fireware\fireware\fireware\debug\radom.obj
j:\jacky\aau\2016 spring\classes\gap 275\fireware\fireware\fireware\debug\audioeffect.obj
j:\jacky\aau\2016 spring\classes\gap 275\fireware\fireware\fireware\debug\audiosource.obj
j:\jacky\aau\2016 spring\classes\gap 275\fireware\fireware\fireware\debug\background.obj
j:\jacky\aau\2016 spring\classes\gap 275\fireware\fireware\fireware\debug\backgroundmovement.obj
j:\jacky\aau\2016 spring\classes\gap 275\fireware\fireware\fireware\debug\boxcollider.obj
j:\jacky\aau\2016 spring\classes\gap 275\fireware\fireware\fireware\debug\bullet.obj
j:\jacky\aau\2016 spring\classes\gap 275\fireware\fireware\fireware\debug\bulletcontrol.obj
j:\jacky\aau\2016 spring\classes\gap 275\fireware\fireware\fireware\debug\cannonball.obj
j:\jacky\aau\2016 spring\classes\gap 275\fireware\fireware\fireware\debug\cannonballcontrol.obj
j:\jacky\aau\2016 spring\classes\gap 275\fireware\fireware\fireware\debug\cannonballgift.obj
j:\jacky\aau\2016 spring\classes\gap 275\fireware\fireware\fireware\debug\cannonballgiftcontrol.obj
j:\jacky\aau\2016 spring\classes\gap 275\fireware\fireware\fireware\debug\cannonballgiftinside.obj
j:\jacky\aau\2016 spring\classes\gap 275\fireware\fireware\fireware\debug\cannonballnumtext.obj
j:\jacky\aau\2016 spring\classes\gap 275\fireware\fireware\fireware\debug\cannonui.obj
j:\jacky\aau\2016 spring\classes\gap 275\fireware\fireware\fireware\debug\checkcollider.obj
j:\jacky\aau\2016 spring\classes\gap 275\fireware\fireware\fireware\debug\collider.obj
j:\jacky\aau\2016 spring\classes\gap 275\fireware\fireware\fireware\debug\componentbehavior.obj
j:\jacky\aau\2016 spring\classes\gap 275\fireware\fireware_jackyhua zhong\debug\fireware.ilk
j:\jacky\aau\2016 spring\classes\gap 275\fireware\fireware_jackyhua zhong\debug\fireware.exe
j:\jacky\aau\2016 spring\classes\gap 275\fireware\fireware_jackyhua zhong\debug\fireware.pdb
j:\jacky\aau\2016 spring\classes\gap 275\fireware\fireware\debug\fireware.ilk
j:\jacky\aau\2016 spring\classes\gap 275\fireware\fireware\debug\fireware.exe
j:\jacky\aau\2016 spring\classes\gap 275\fireware\fireware\debug\fireware.pdb
j:\jacky\aau\2016 spring\classes\gap 275\fireware\fireware\fireware\debug\fireware.tlog\cl.command.1.tlog
j:\jacky\aau\2016 spring\classes\gap 275\fireware\fireware\fireware\debug\fireware.tlog\cl.read.1.tlog
j:\jacky\aau\2016 spring\classes\gap 275\fireware\fireware\fireware\debug\fireware.tlog\cl.write.1.tlog
j:\jacky\aau\2016 spring\classes\gap 275\fireware\fireware\fireware\debug\fireware.tlog\link.command.1.tlog
j:\jacky\aau\2016 spring\classes\gap 275\fireware\fireware\fireware\debug\fireware.tlog\link.read.1.tlog
j:\jacky\aau\2016 spring\classes\gap 275\fireware\fireware\fireware\debug\fireware.tlog\link.write.1.tlog
