  WindowCreater.cpp
  VirusSmallExplosionControl.cpp
  VirusSmallExplosion.cpp
  VirusSmallLight.cpp
  VirusSmallControl.cpp
  VirusSmall.cpp
  VirusMiddlelExplosionControl.cpp
  VirusMiddleHighLightControl.cpp
  VirusMiddleHighLight.cpp
  VirusMiddleExplosion.cpp
  VirusMiddleControl.cpp
  VirusMiddle.cpp
  VirusManagerControl.cpp
  VirusManager.cpp
  VirusBigSideLightControl.cpp
  VirusBigSideLight.cpp
  VirusBigHighLightControl.cpp
  VirusBigHighLight.cpp
  VirusBigExplosionControl.cpp
  VirusBigExplosion.cpp
  Generating Code...
  Compiling...
  VirusBigControl.cpp
  VirusBigBodyControl.cpp
  VirusBigBody.cpp
  VirusBig.cpp
  VirusBasControl.cpp
  VirusBas.cpp
  Vector2.cpp
  UIControl.cpp
  UI.cpp
  Transform.cpp
  Time.cpp
  TextMesh.cpp
  StartMenuBackgroundControl.cpp
  StartMenuBackground.cpp
  SpriteRederer.cpp
  Sprite.cpp
  SphereCollider.cpp
  SourceManager.cpp
  SceneManger.cpp
  Scene.cpp
  Generating Code...
  Compiling...
  Radom.cpp
  PointCollider.cpp
  main.cpp
  LeukocyteShooting.cpp
  LeukocyteMoveControl.cpp
  LeukocyteLightControl.cpp
  LeukocyteLight.cpp
  Leukocyte.cpp
  Input.cpp
  GiftsControl.cpp
  Gifts.cpp
  GameResultControl.cpp
  GameResultBackGround.cpp
  GameResult.cpp
  GamePlayingScene.cpp
  GameObject.cpp
  GameManagerControl.cpp
  GameManager.cpp
  GameBehavior.cpp
  Game.cpp
  Generating Code...
  Compiling...
  Componentbehavior.cpp
  Collider.cpp
  CheckCollider.cpp
  CannonUI.cpp
  CannonBallNumText.cpp
  CannonBallGiftInside.cpp
  CannonBallGiftControl.cpp
  CannonBallGift.cpp
  CannonballControl.cpp
  Cannonball.cpp
  BulletControl.cpp
  Bullet.cpp
  BoxCollider.cpp
  BackGroundMovement.cpp
  Background.cpp
  AudioSource.cpp
  AudioEffect.cpp
  Generating Code...
  FireWare.vcxproj -> J:\jacky\AAU\2016 spring\Classes\GAP 275\FireWare\FireWare\2D-Game-Engine-Development\Debug\FireWare.exe
  FireWare.vcxproj -> J:\jacky\AAU\2016 spring\Classes\GAP 275\FireWare\FireWare\2D-Game-Engine-Development\Debug\FireWare.pdb (Full PDB)
